# JRE version: Java(TM) SE Runtime Environment 18.9 (11.0.10+8) (build 11.0.10+8-LTS-162)
# Java VM: Java HotSpot(TM) 64-Bit Server VM 18.9 (11.0.10+8-LTS-162, mixed mode, tiered, compressed oops, g1 gc, windows-amd64)
Heap:
 garbage-first heap   total 294912K, used 246149K [0x0000000500e00000, 0x00000005bf800000)
  region size 1024K, 176 young (180224K), 9 survivors (9216K)
 Metaspace       used 61434K, capacity 63345K, committed 63572K, reserved 1103872K
  class space    used 7613K, capacity 8367K, committed 8448K, reserved 1048576K
GC Heap History (10 events):
Event: 2497.909 GC heap after
{Heap after GC invocations=14 (full 0):
 garbage-first heap   total 294912K, used 31657K [0x0000000500e00000, 0x00000005bf800000)
  region size 1024K, 13 young (13312K), 13 survivors (13312K)
 Metaspace       used 61056K, capacity 62986K, committed 63316K, reserved 1103872K
  class space    used 7598K, capacity 8358K, committed 8448K, reserved 1048576K
}
Event: 2506.668 GC heap before
{Heap before GC invocations=14 (full 0):
 garbage-first heap   total 294912K, used 193449K [0x0000000500e00000, 0x00000005bf800000)
  region size 1024K, 172 young (176128K), 13 survivors (13312K)
 Metaspace       used 61068K, capacity 62995K, committed 63316K, reserved 1103872K
  class space    used 7600K, capacity 8361K, committed 8448K, reserved 1048576K
}
Event: 2506.689 GC heap after
{Heap after GC invocations=15 (full 0):
 garbage-first heap   total 294912K, used 32845K [0x0000000500e00000, 0x00000005bf800000)
  region size 1024K, 10 young (10240K), 10 survivors (10240K)
 Metaspace       used 61068K, capacity 62995K, committed 63316K, reserved 1103872K
  class space    used 7600K, capacity 8361K, committed 8448K, reserved 1048576K
}
Event: 2515.948 GC heap before
{Heap before GC invocations=15 (full 0):
 garbage-first heap   total 294912K, used 198733K [0x0000000500e00000, 0x00000005bf800000)
  region size 1024K, 172 young (176128K), 10 survivors (10240K)
 Metaspace       used 61068K, capacity 62995K, committed 63316K, reserved 1103872K
  class space    used 7600K, capacity 8361K, committed 8448K, reserved 1048576K
}
Event: 2515.961 GC heap after
{Heap after GC invocations=16 (full 0):
 garbage-first heap   total 294912K, used 31753K [0x0000000500e00000, 0x00000005bf800000)
  region size 1024K, 9 young (9216K), 9 survivors (9216K)
 Metaspace       used 61068K, capacity 62995K, committed 63316K, reserved 1103872K
  class space    used 7600K, capacity 8361K, committed 8448K, reserved 1048576K
}
Event: 2525.079 GC heap before
{Heap before GC invocations=16 (full 0):
 garbage-first heap   total 294912K, used 198665K [0x0000000500e00000, 0x00000005bf800000)
  region size 1024K, 172 young (176128K), 9 survivors (9216K)
 Metaspace       used 61068K, capacity 62995K, committed 63316K, reserved 1103872K
  class space    used 7600K, capacity 8361K, committed 8448K, reserved 1048576K
}
Event: 2525.094 GC heap after
{Heap after GC invocations=17 (full 0):
 garbage-first heap   total 294912K, used 31695K [0x0000000500e00000, 0x00000005bf800000)
  region size 1024K, 9 young (9216K), 9 survivors (9216K)
 Metaspace       used 61068K, capacity 62995K, committed 63316K, reserved 1103872K
  class space    used 7600K, capacity 8361K, committed 8448K, reserved 1048576K
}
Event: 2942.381 GC heap before
{Heap before GC invocations=17 (full 0):
 garbage-first heap   total 294912K, used 209871K [0x0000000500e00000, 0x00000005bf800000)
  region size 1024K, 172 young (176128K), 9 survivors (9216K)
 Metaspace       used 61215K, capacity 63144K, committed 63316K, reserved 1103872K
  class space    used 7606K, capacity 8365K, committed 8448K, reserved 1048576K
}
Event: 2942.400 GC heap after
{Heap after GC invocations=18 (full 0):
 garbage-first heap   total 294912K, used 25989K [0x0000000500e00000, 0x00000005bf800000)
  region size 1024K, 5 young (5120K), 5 survivors (5120K)
 Metaspace       used 61215K, capacity 63144K, committed 63316K, reserved 1103872K
  class space    used 7606K, capacity 8365K, committed 8448K, reserved 1048576K
}
Event: 25958.004 GC heap before
{Heap before GC invocations=18 (full 0):
 garbage-first heap   total 294912K, used 245125K [0x0000000500e00000, 0x00000005bf800000)
  region size 1024K, 172 young (176128K), 5 survivors (5120K)
 Metaspace       used 61434K, capacity 63345K, committed 63572K, reserved 1103872K
  class space    used 7613K, capacity 8367K, committed 8448K, reserved 1048576K
}

